{
  "uid" : "363e11cb621c6227",
  "name" : "Admin modifies a student account",
  "fullName" : "Admin Page Features: Admin modifies a student account",
  "historyId" : "5b5f71369e9ec6cac373c4b8a577c4db",
  "time" : {
    "start" : 1739160449028,
    "stop" : 1739160449029,
    "duration" : 1
  },
  "status" : "failed",
  "statusMessage" : "AssertionError: Driver not initialized\n",
  "statusTrace" : "  File \"/opt/hostedtoolcache/Python/3.11.11/x64/lib/python3.11/site-packages/behave/model.py\", line 1329, in run\n    match.run(runner.context)\n  File \"/opt/hostedtoolcache/Python/3.11.11/x64/lib/python3.11/site-packages/behave/matchers.py\", line 98, in run\n    self.func(context, *args, **kwargs)\n  File \"/home/runner/work/DOPAssignment/DOPAssignment/tests/features/steps/common_steps.py\", line 99, in step_impl\n    assert hasattr(context, 'driver'), \"Driver not initialized\"\n           ^^^^^^^^^^^^^^^^^^^^^^^^^^\n",
  "flaky" : false,
  "newFailed" : false,
  "beforeStages" : [ ],
  "testStage" : {
    "status" : "failed",
    "statusMessage" : "AssertionError: Driver not initialized\n",
    "statusTrace" : "  File \"/opt/hostedtoolcache/Python/3.11.11/x64/lib/python3.11/site-packages/behave/model.py\", line 1329, in run\n    match.run(runner.context)\n  File \"/opt/hostedtoolcache/Python/3.11.11/x64/lib/python3.11/site-packages/behave/matchers.py\", line 98, in run\n    self.func(context, *args, **kwargs)\n  File \"/home/runner/work/DOPAssignment/DOPAssignment/tests/features/steps/common_steps.py\", line 99, in step_impl\n    assert hasattr(context, 'driver'), \"Driver not initialized\"\n           ^^^^^^^^^^^^^^^^^^^^^^^^^^\n",
    "steps" : [ {
      "name" : "Given Chrome browser is launch",
      "time" : {
        "start" : 1739160449028,
        "stop" : 1739160449028,
        "duration" : 0
      },
      "status" : "failed",
      "statusMessage" : "AssertionError: Driver not initialized\n",
      "statusTrace" : "  File \"/opt/hostedtoolcache/Python/3.11.11/x64/lib/python3.11/site-packages/behave/model.py\", line 1329, in run\n    match.run(runner.context)\n  File \"/opt/hostedtoolcache/Python/3.11.11/x64/lib/python3.11/site-packages/behave/matchers.py\", line 98, in run\n    self.func(context, *args, **kwargs)\n  File \"/home/runner/work/DOPAssignment/DOPAssignment/tests/features/steps/common_steps.py\", line 99, in step_impl\n    assert hasattr(context, 'driver'), \"Driver not initialized\"\n           ^^^^^^^^^^^^^^^^^^^^^^^^^^\n",
      "steps" : [ ],
      "attachments" : [ ],
      "parameters" : [ ],
      "stepsCount" : 0,
      "attachmentsCount" : 0,
      "shouldDisplayMessage" : true,
      "hasContent" : true
    }, {
      "name" : "And Browser console logging is enabled for error tracking",
      "time" : {
        "start" : 1739160449029,
        "stop" : 1739160449029,
        "duration" : 0
      },
      "status" : "skipped",
      "steps" : [ ],
      "attachments" : [ ],
      "parameters" : [ ],
      "stepsCount" : 0,
      "attachmentsCount" : 0,
      "shouldDisplayMessage" : false,
      "hasContent" : false
    }, {
      "name" : "When Open Login Page",
      "time" : {
        "start" : 1739160449029,
        "stop" : 1739160449029,
        "duration" : 0
      },
      "status" : "skipped",
      "steps" : [ ],
      "attachments" : [ ],
      "parameters" : [ ],
      "stepsCount" : 0,
      "attachmentsCount" : 0,
      "shouldDisplayMessage" : false,
      "hasContent" : false
    }, {
      "name" : "Then Verify page loads without console errors",
      "time" : {
        "start" : 1739160449029,
        "stop" : 1739160449029,
        "duration" : 0
      },
      "status" : "skipped",
      "steps" : [ ],
      "attachments" : [ ],
      "parameters" : [ ],
      "stepsCount" : 0,
      "attachmentsCount" : 0,
      "shouldDisplayMessage" : false,
      "hasContent" : false
    }, {
      "name" : "Given I am logged in as an admin",
      "time" : {
        "start" : 1739160449029,
        "stop" : 1739160449029,
        "duration" : 0
      },
      "status" : "skipped",
      "steps" : [ ],
      "attachments" : [ ],
      "parameters" : [ ],
      "stepsCount" : 0,
      "attachmentsCount" : 0,
      "shouldDisplayMessage" : false,
      "hasContent" : false
    }, {
      "name" : "And I choose to edit student \"John Tan\"",
      "time" : {
        "start" : 1739160449029,
        "stop" : 1739160449029,
        "duration" : 0
      },
      "status" : "broken",
      "statusMessage" : "\nYou can implement step definitions for undefined steps with these snippets:\n\n@given(u'I choose to edit student \"John Tan\"')\ndef step_impl(context):\n    raise NotImplementedError(u'STEP: Given I choose to edit student \"John Tan\"')\n\n",
      "steps" : [ ],
      "attachments" : [ ],
      "parameters" : [ ],
      "stepsCount" : 0,
      "attachmentsCount" : 0,
      "shouldDisplayMessage" : true,
      "hasContent" : true
    }, {
      "name" : "And I update the diploma of study to \"Diploma in Business\"",
      "time" : {
        "start" : 1739160449029,
        "stop" : 1739160449029,
        "duration" : 0
      },
      "status" : "broken",
      "statusMessage" : "\nYou can implement step definitions for undefined steps with these snippets:\n\n@given(u'I update the diploma of study to \"Diploma in Business\"')\ndef step_impl(context):\n    raise NotImplementedError(u'STEP: Given I update the diploma of study to \"Diploma in Business\"')\n\n",
      "steps" : [ ],
      "attachments" : [ ],
      "parameters" : [ ],
      "stepsCount" : 0,
      "attachmentsCount" : 0,
      "shouldDisplayMessage" : true,
      "hasContent" : true
    }, {
      "name" : "And I save the changes",
      "time" : {
        "start" : 1739160449029,
        "stop" : 1739160449029,
        "duration" : 0
      },
      "status" : "broken",
      "statusMessage" : "\nYou can implement step definitions for undefined steps with these snippets:\n\n@given(u'I save the changes')\ndef step_impl(context):\n    raise NotImplementedError(u'STEP: Given I save the changes')\n\n",
      "steps" : [ ],
      "attachments" : [ ],
      "parameters" : [ ],
      "stepsCount" : 0,
      "attachmentsCount" : 0,
      "shouldDisplayMessage" : true,
      "hasContent" : true
    }, {
      "name" : "Then the student \"John Tan\" should be in \"Diploma in Business\" as his diploma of study",
      "time" : {
        "start" : 1739160449029,
        "stop" : 1739160449029,
        "duration" : 0
      },
      "status" : "broken",
      "statusMessage" : "\nYou can implement step definitions for undefined steps with these snippets:\n\n@then(u'the student \"John Tan\" should be in \"Diploma in Business\" as his diploma of study')\ndef step_impl(context):\n    raise NotImplementedError(u'STEP: Then the student \"John Tan\" should be in \"Diploma in Business\" as his diploma of study')\n\n",
      "steps" : [ ],
      "attachments" : [ ],
      "parameters" : [ ],
      "stepsCount" : 0,
      "attachmentsCount" : 0,
      "shouldDisplayMessage" : true,
      "hasContent" : true
    } ],
    "attachments" : [ ],
    "parameters" : [ ],
    "stepsCount" : 9,
    "attachmentsCount" : 0,
    "shouldDisplayMessage" : false,
    "hasContent" : true
  },
  "afterStages" : [ ],
  "labels" : [ {
    "name" : "severity",
    "value" : "normal"
  }, {
    "name" : "feature",
    "value" : "Admin Page Features"
  }, {
    "name" : "framework",
    "value" : "behave"
  }, {
    "name" : "language",
    "value" : "cpython3"
  }, {
    "name" : "resultFormat",
    "value" : "allure2"
  } ],
  "parameters" : [ ],
  "links" : [ ],
  "hidden" : false,
  "retry" : false,
  "extra" : {
    "severity" : "normal",
    "retries" : [ ],
    "categories" : [ {
      "name" : "Product defects",
      "matchedStatuses" : [ ],
      "flaky" : false
    } ],
    "tags" : [ ]
  },
  "source" : "363e11cb621c6227.json",
  "parameterValues" : [ ]
}