{
  "uid" : "5944ca7f969669d3",
  "name" : "Admin searches for a student account by Student ID",
  "fullName" : "Admin Page Features: Admin searches for a student account by Student ID",
  "historyId" : "de89b69825c8e6d0c22bfccf884f9191",
  "time" : {
    "start" : 1739179318006,
    "stop" : 1739179319189,
    "duration" : 1183
  },
  "status" : "failed",
  "statusMessage" : "AssertionError: No student accounts found\n",
  "statusTrace" : "  File \"/opt/hostedtoolcache/Python/3.11.11/x64/lib/python3.11/site-packages/behave/model.py\", line 1329, in run\n    match.run(runner.context)\n  File \"/opt/hostedtoolcache/Python/3.11.11/x64/lib/python3.11/site-packages/behave/matchers.py\", line 98, in run\n    self.func(context, *args, **kwargs)\n  File \"tests/features/steps/admin-steps.py\", line 45, in step_impl\n    assert len(rows) > 1, \"No student accounts found\"\n           ^^^^^^^^^^^^^\n",
  "flaky" : false,
  "newFailed" : false,
  "beforeStages" : [ ],
  "testStage" : {
    "status" : "failed",
    "statusMessage" : "AssertionError: No student accounts found\n",
    "statusTrace" : "  File \"/opt/hostedtoolcache/Python/3.11.11/x64/lib/python3.11/site-packages/behave/model.py\", line 1329, in run\n    match.run(runner.context)\n  File \"/opt/hostedtoolcache/Python/3.11.11/x64/lib/python3.11/site-packages/behave/matchers.py\", line 98, in run\n    self.func(context, *args, **kwargs)\n  File \"tests/features/steps/admin-steps.py\", line 45, in step_impl\n    assert len(rows) > 1, \"No student accounts found\"\n           ^^^^^^^^^^^^^\n",
    "steps" : [ {
      "name" : "Given Chrome browser is launch",
      "time" : {
        "start" : 1739179318006,
        "stop" : 1739179318339,
        "duration" : 333
      },
      "status" : "passed",
      "steps" : [ ],
      "attachments" : [ ],
      "parameters" : [ ],
      "stepsCount" : 0,
      "attachmentsCount" : 0,
      "shouldDisplayMessage" : false,
      "hasContent" : false
    }, {
      "name" : "And Browser console logging is enabled for error tracking",
      "time" : {
        "start" : 1739179318339,
        "stop" : 1739179318340,
        "duration" : 1
      },
      "status" : "passed",
      "steps" : [ ],
      "attachments" : [ ],
      "parameters" : [ ],
      "stepsCount" : 0,
      "attachmentsCount" : 0,
      "shouldDisplayMessage" : false,
      "hasContent" : false
    }, {
      "name" : "When Open Login Page",
      "time" : {
        "start" : 1739179318340,
        "stop" : 1739179318430,
        "duration" : 90
      },
      "status" : "passed",
      "steps" : [ ],
      "attachments" : [ ],
      "parameters" : [ ],
      "stepsCount" : 0,
      "attachmentsCount" : 0,
      "shouldDisplayMessage" : false,
      "hasContent" : false
    }, {
      "name" : "Then Verify page loads without console errors",
      "time" : {
        "start" : 1739179318430,
        "stop" : 1739179318442,
        "duration" : 12
      },
      "status" : "passed",
      "steps" : [ ],
      "attachments" : [ ],
      "parameters" : [ ],
      "stepsCount" : 0,
      "attachmentsCount" : 0,
      "shouldDisplayMessage" : false,
      "hasContent" : false
    }, {
      "name" : "Given I am logged in as an admin",
      "time" : {
        "start" : 1739179318442,
        "stop" : 1739179319098,
        "duration" : 656
      },
      "status" : "passed",
      "steps" : [ ],
      "attachments" : [ ],
      "parameters" : [ ],
      "stepsCount" : 0,
      "attachmentsCount" : 0,
      "shouldDisplayMessage" : false,
      "hasContent" : false
    }, {
      "name" : "And I enter studentID, \"A1234567X\" into the search bar",
      "time" : {
        "start" : 1739179319099,
        "stop" : 1739179319164,
        "duration" : 65
      },
      "status" : "passed",
      "steps" : [ ],
      "attachments" : [ ],
      "parameters" : [ ],
      "stepsCount" : 0,
      "attachmentsCount" : 0,
      "shouldDisplayMessage" : false,
      "hasContent" : false
    }, {
      "name" : "Then the search results should show the student \"John Tan\"",
      "time" : {
        "start" : 1739179319164,
        "stop" : 1739179319189,
        "duration" : 25
      },
      "status" : "failed",
      "statusMessage" : "AssertionError: No student accounts found\n",
      "statusTrace" : "  File \"/opt/hostedtoolcache/Python/3.11.11/x64/lib/python3.11/site-packages/behave/model.py\", line 1329, in run\n    match.run(runner.context)\n  File \"/opt/hostedtoolcache/Python/3.11.11/x64/lib/python3.11/site-packages/behave/matchers.py\", line 98, in run\n    self.func(context, *args, **kwargs)\n  File \"tests/features/steps/admin-steps.py\", line 45, in step_impl\n    assert len(rows) > 1, \"No student accounts found\"\n           ^^^^^^^^^^^^^\n",
      "steps" : [ ],
      "attachments" : [ ],
      "parameters" : [ ],
      "stepsCount" : 0,
      "attachmentsCount" : 0,
      "shouldDisplayMessage" : true,
      "hasContent" : true
    } ],
    "attachments" : [ ],
    "parameters" : [ ],
    "stepsCount" : 7,
    "attachmentsCount" : 0,
    "shouldDisplayMessage" : false,
    "hasContent" : true
  },
  "afterStages" : [ ],
  "labels" : [ {
    "name" : "severity",
    "value" : "normal"
  }, {
    "name" : "feature",
    "value" : "Admin Page Features"
  }, {
    "name" : "framework",
    "value" : "behave"
  }, {
    "name" : "language",
    "value" : "cpython3"
  }, {
    "name" : "resultFormat",
    "value" : "allure2"
  } ],
  "parameters" : [ ],
  "links" : [ ],
  "hidden" : false,
  "retry" : false,
  "extra" : {
    "severity" : "normal",
    "retries" : [ ],
    "categories" : [ {
      "name" : "Product defects",
      "matchedStatuses" : [ ],
      "flaky" : false
    } ],
    "tags" : [ ]
  },
  "source" : "5944ca7f969669d3.json",
  "parameterValues" : [ ]
}